c:\dionysource\vrepclient\vrepclient\x64\release\extapi.obj
c:\dionysource\vrepclient\vrepclient\x64\release\extapiplatform.obj
c:\dionysource\vrepclient\vrepclient\x64\release\vc142.pdb
c:\dionysource\vrepclient\vrepclient\x64\release\tracermap.obj
c:\dionysource\vrepclient\vrepclient\x64\release\linetracer.obj
c:\dionysource\vrepclient\vrepclient\x64\release\vrepclient.obj
c:\dionysource\vrepclient\x64\release\vrepclient.exe
c:\dionysource\vrepclient\x64\release\vrepclient.pdb
c:\dionysource\vrepclient\x64\release\vrepclient.lib
c:\dionysource\vrepclient\x64\release\vrepclient.exp
c:\dionysource\vrepclient\x64\release\vrepclient.ipdb
c:\dionysource\vrepclient\x64\release\vrepclient.iobj
c:\dionysource\vrepclient\vrepclient\x64\release\vrepclient.tlog\cl.command.1.tlog
c:\dionysource\vrepclient\vrepclient\x64\release\vrepclient.tlog\cl.read.1.tlog
c:\dionysource\vrepclient\vrepclient\x64\release\vrepclient.tlog\cl.write.1.tlog
c:\dionysource\vrepclient\vrepclient\x64\release\vrepclient.tlog\link.command.1.tlog
c:\dionysource\vrepclient\vrepclient\x64\release\vrepclient.tlog\link.delete.1.tlog
c:\dionysource\vrepclient\vrepclient\x64\release\vrepclient.tlog\link.read.1.tlog
c:\dionysource\vrepclient\vrepclient\x64\release\vrepclient.tlog\link.write.1.tlog
c:\dionysource\vrepclient\vrepclient\x64\release\vrepclient.tlog\vrepclient.write.1u.tlog
